<?xml version="1.0" encoding="UTF-8"?>
<!-- Generated by org.testng.reporters.JUnitXMLReporter -->
<testsuite ignored="0" hostname="DESKTOP-1VN6NSF" failures="0" tests="2" name="Test-Runner-4" time="29.388" errors="0" timestamp="2023-11-22T11:31:42 IST">
  <testcase classname="com.practiceTestNG.SimpleTests" name="simpltest1" time="0.138"/>
  <testcase classname="com.practiceTestNG.SimpleTests" name="simpltest2" time="0.009"/>
</testsuite> <!-- Test-Runner-4 -->
