<?xml version="1.0" encoding="UTF-8"?>
<!-- Generated by org.testng.reporters.JUnitXMLReporter -->
<testsuite ignored="2" hostname="DESKTOP-1VN6NSF" failures="0" tests="4" name="Test-Runner-3" time="205.837" errors="0" timestamp="2023-11-27T15:17:18 IST">
  <testcase classname="com.practiceTestNG.PracticeTest" name="practtest1" time="0.001">
    <skipped/>
  </testcase> <!-- practtest1 -->
  <testcase classname="com.practiceTestNG.PracticeTest" name="practtest2" time="0.0">
    <skipped/>
  </testcase> <!-- practtest2 -->
  <testcase classname="com.practiceTestNG.SampleTest" name="sampletest1" time="0.001">
    <skipped/>
  </testcase> <!-- sampletest1 -->
  <testcase classname="com.practiceTestNG.SampleTest" name="sampletest2" time="0.001">
    <skipped/>
  </testcase> <!-- sampletest2 -->
  <testcase classname="com.banking.bixi.GenericUtils.BaseClass" name="@BeforeSuite connect_DB" time="0.0">
    <ignored/>
  </testcase> <!-- @BeforeSuite connect_DB -->
  <testcase classname="com.banking.bixi.GenericUtils.BaseClass" name="@AfterSuite disconnect_DB" time="0.0">
    <ignored/>
  </testcase> <!-- @AfterSuite disconnect_DB -->
</testsuite> <!-- Test-Runner-3 -->
