<?xml version="1.0" encoding="UTF-8"?>
<!-- Generated by org.testng.reporters.JUnitReportReporter -->
<testsuite hostname="DESKTOP-1VN6NSF" failures="0" tests="2" name="com.practiceTestNG.DataproviderTest2" time="0.055" errors="0" timestamp="2023-11-20T16:03:34 IST" skipped="0">
  <testcase classname="com.practiceTestNG.DataproviderTest2" name="exeData" time="0.039"/>
  <system-out/>
  <testcase classname="com.practiceTestNG.DataproviderTest2" name="exeData" time="0.016"/>
  <system-out/>
</testsuite> <!-- com.practiceTestNG.DataproviderTest2 -->
