<?xml version="1.0" encoding="UTF-8"?>
<!-- Generated by org.testng.reporters.JUnitReportReporter -->
<testsuite hostname="DESKTOP-1VN6NSF" failures="0" tests="2" name="com.practiceTestNG.DataproviderTest2" time="0.009" errors="0" timestamp="2023-11-30T15:54:36 IST" skipped="0">
  <testcase classname="com.practiceTestNG.DataproviderTest2" name="exeData" time="0.005"/>
  <system-out/>
  <testcase classname="com.practiceTestNG.DataproviderTest2" name="exeData" time="0.004"/>
  <system-out/>
</testsuite> <!-- com.practiceTestNG.DataproviderTest2 -->
