<?xml version="1.0" encoding="UTF-8"?>
<!-- Generated by org.testng.reporters.JUnitReportReporter -->
<testsuite hostname="DESKTOP-1VN6NSF" failures="0" tests="2" name="com.practiceTestNG.OrderofExecution1" time="0.063" errors="0" timestamp="2023-11-20T18:14:21 IST" skipped="0">
  <testcase classname="com.practiceTestNG.OrderofExecution1" name="exeAppl1" time="0.028"/>
  <system-out/>
  <testcase classname="com.practiceTestNG.OrderofExecution1" name="exeAppl" time="0.035"/>
  <system-out/>
</testsuite> <!-- com.practiceTestNG.OrderofExecution1 -->
