<?xml version="1.0" encoding="UTF-8"?>
<!-- Generated by org.testng.reporters.JUnitReportReporter -->
<testsuite hostname="DESKTOP-1VN6NSF" failures="0" tests="2" name="com.practiceTestNG.OrderofExecution" time="0.061" errors="0" timestamp="2023-11-20T18:03:21 IST" skipped="0">
  <testcase classname="com.practiceTestNG.OrderofExecution" name="exeAppl1" time="0.017"/>
  <system-out/>
  <testcase classname="com.practiceTestNG.OrderofExecution" name="exeAppl" time="0.044"/>
  <system-out/>
</testsuite> <!-- com.practiceTestNG.OrderofExecution -->
