<?xml version="1.0" encoding="UTF-8"?>
<!-- Generated by org.testng.reporters.JUnitReportReporter -->
<testsuite hostname="DESKTOP-1VN6NSF" failures="0" tests="4" name="com.practiceTestNG.DataProviderTest3" time="0.063" errors="0" timestamp="2023-11-21T10:53:37 IST" skipped="0">
  <testcase classname="com.practiceTestNG.DataProviderTest3" name="ExeExcelUtilData" time="0.006"/>
  <system-out/>
  <testcase classname="com.practiceTestNG.DataProviderTest3" name="ExeExcelUtilData" time="0.005"/>
  <system-out/>
  <testcase classname="com.practiceTestNG.DataProviderTest3" name="ExeExcelUtilData" time="0.005"/>
  <system-out/>
  <testcase classname="com.practiceTestNG.DataProviderTest3" name="ExeExcelUtilData" time="0.047"/>
  <system-out/>
</testsuite> <!-- com.practiceTestNG.DataProviderTest3 -->
