<?xml version="1.0" encoding="UTF-8"?>
<!-- Generated by org.testng.reporters.JUnitReportReporter -->
<testsuite hostname="DESKTOP-1VN6NSF" failures="0" tests="1" name="bixi_IBRegisterModule.IB_Register_SmokeUsingBaseTest" time="5.264" errors="0" timestamp="2023-11-22T12:51:37 IST" skipped="0">
  <testcase classname="bixi_IBRegisterModule.IB_Register_SmokeUsingBaseTest" name="ibRegisterSmoke" time="5.264"/>
  <system-out/>
</testsuite> <!-- bixi_IBRegisterModule.IB_Register_SmokeUsingBaseTest -->
