<?xml version="1.0" encoding="UTF-8"?>
<!-- Generated by org.testng.reporters.JUnitReportReporter -->
<testsuite hostname="DESKTOP-1VN6NSF" failures="0" tests="1" name="bixi_DebitCardModule.ApplyDebitCardSmokeOptim" time="2.524" errors="0" timestamp="2023-11-23T10:44:15 IST" skipped="0">
  <testcase classname="bixi_DebitCardModule.ApplyDebitCardSmokeOptim" name="applyDebitCardSmokeOptim" time="2.524"/>
  <system-out/>
</testsuite> <!-- bixi_DebitCardModule.ApplyDebitCardSmokeOptim -->
