<?xml version="1.0" encoding="UTF-8"?>
<!-- Generated by org.testng.reporters.JUnitReportReporter -->
<testsuite hostname="DESKTOP-1VN6NSF" failures="0" tests="4" name="com.practiceTestNG.DataProviderTest" time="0.097" errors="0" timestamp="2023-11-20T15:26:04 IST" skipped="0">
  <testcase classname="com.practiceTestNG.DataProviderTest" name="getData" time="0.034"/>
  <system-out/>
  <testcase classname="com.practiceTestNG.DataProviderTest" name="getData" time="0.011"/>
  <system-out/>
  <testcase classname="com.practiceTestNG.DataProviderTest" name="getData" time="0.016"/>
  <system-out/>
  <testcase classname="com.practiceTestNG.DataProviderTest" name="getData" time="0.036"/>
  <system-out/>
</testsuite> <!-- com.practiceTestNG.DataProviderTest -->
