<?xml version="1.0" encoding="UTF-8"?>
<!-- Generated by org.testng.reporters.JUnitReportReporter -->
<testsuite hostname="DESKTOP-1VN6NSF" failures="0" tests="2" name="Practice.TestngMVNTest" time="0.033" errors="0" timestamp="2023-11-30T15:54:36 IST" skipped="0">
  <testcase classname="Practice.TestngMVNTest" name="test2" time="0.013"/>
  <system-out>
    <![CDATA[Sample Execution2]]>
  </system-out>
  <testcase classname="Practice.TestngMVNTest" name="test1" time="0.020"/>
  <system-out/>
</testsuite> <!-- Practice.TestngMVNTest -->
