<?xml version="1.0" encoding="UTF-8"?>
<!-- Generated by org.testng.reporters.JUnitReportReporter -->
<testsuite hostname="DESKTOP-1VN6NSF" failures="0" tests="4" name="com.practiceTestNG.DataProviderTest3" time="0.021" errors="0" timestamp="2023-11-30T15:54:36 IST" skipped="0">
  <testcase classname="com.practiceTestNG.DataProviderTest3" name="ExeExcelUtilData" time="0.006"/>
  <system-out/>
  <testcase classname="com.practiceTestNG.DataProviderTest3" name="ExeExcelUtilData" time="0.003"/>
  <system-out/>
  <testcase classname="com.practiceTestNG.DataProviderTest3" name="ExeExcelUtilData" time="0.008"/>
  <system-out/>
  <testcase classname="com.practiceTestNG.DataProviderTest3" name="ExeExcelUtilData" time="0.004"/>
  <system-out/>
</testsuite> <!-- com.practiceTestNG.DataProviderTest3 -->
