<?xml version="1.0" encoding="UTF-8"?>
<!-- Generated by org.testng.reporters.JUnitReportReporter -->
<testsuite hostname="DESKTOP-1VN6NSF" failures="0" tests="1" name="Practice.MvnCmdParamTest" time="26.579" errors="0" timestamp="2023-11-10T16:52:40 IST" skipped="0">
  <testcase classname="Practice.MvnCmdParamTest" name="cmdTest" time="26.579"/>
  <system-out/>
</testsuite> <!-- Practice.MvnCmdParamTest -->
